clang++ -Wall -Wextra -pedantic -Wshadow -Wconversion -std=c++23 -march=native -O3 -fopenmp \
	-Isrc/ \
	-I/home/zj944629/opt/Igor \
	-I/home/zj944629/opt/hypre-2.33.0-Cuda/src/hypre/include \
	-I/home/zj944629/opt/IRL/include \
	-I/home/zj944629/opt/eigen-3.4.0 \
	-I/home/zj944629/opt/fmt-11.2.0/fmt/include -DIGOR_USE_FMT \
	-o TwoPhaseSolver examples/TwoPhaseSolver.cpp \
	-L/home/zj944629/opt/hypre-2.33.0-Cuda/src/hypre/lib -lHYPRE \
	-L/home/zj944629/opt/IRL/lib -lirl \
	-L/home/zj944629/opt/fmt-11.2.0/fmt/lib64 -lfmt \
	-lcudart -lcurand -lcublas -lcusolver -lcusparse
/cvmfs/software.hpc.rwth.de/Linux/RH9/x86_64/intel/sapphirerapids/software/binutils/2.40-GCCcore-12.3.0/bin/ld: /home/zj944629/opt/IRL/lib/libirl.a(elvira_neighborhood.cpp.o): in function `IRL::CellGroupedMoments<IRL::StoredRectangularCuboid<IRL::Pt>, double>::CellGroupedMoments()':
/home/zj944629/opt/interface-reconstruction-library/irl/moments/cell_grouped_moments.tpp:17: undefined reference to `_intel_fast_memset'
/cvmfs/software.hpc.rwth.de/Linux/RH9/x86_64/intel/sapphirerapids/software/binutils/2.40-GCCcore-12.3.0/bin/ld: /home/zj944629/opt/interface-reconstruction-library/irl/moments/cell_grouped_moments.tpp:17: undefined reference to `_intel_fast_memset'
/cvmfs/software.hpc.rwth.de/Linux/RH9/x86_64/intel/sapphirerapids/software/binutils/2.40-GCCcore-12.3.0/bin/ld: /home/zj944629/opt/IRL/lib/libirl.a(elvira.cpp.o): in function `absl::lts_20250512::inlined_vector_internal::Storage<IRL::Plane, 6ul, std::allocator<IRL::Plane> >::MemcpyFrom(absl::lts_20250512::inlined_vector_internal::Storage<IRL::Plane, 6ul, std::allocator<IRL::Plane> > const&)':
/home/zj944629/opt/interface-reconstruction-library/external/abseil-cpp/absl/container/internal/inlined_vector.h:519: undefined reference to `_intel_fast_memcpy'
/cvmfs/software.hpc.rwth.de/Linux/RH9/x86_64/intel/sapphirerapids/software/binutils/2.40-GCCcore-12.3.0/bin/ld: /home/zj944629/opt/interface-reconstruction-library/external/abseil-cpp/absl/container/internal/inlined_vector.h:519: undefined reference to `_intel_fast_memcpy'
/cvmfs/software.hpc.rwth.de/Linux/RH9/x86_64/intel/sapphirerapids/software/binutils/2.40-GCCcore-12.3.0/bin/ld: /home/zj944629/opt/interface-reconstruction-library/external/abseil-cpp/absl/container/internal/inlined_vector.h:519: undefined reference to `_intel_fast_memcpy'
/cvmfs/software.hpc.rwth.de/Linux/RH9/x86_64/intel/sapphirerapids/software/binutils/2.40-GCCcore-12.3.0/bin/ld: /home/zj944629/opt/interface-reconstruction-library/external/abseil-cpp/absl/container/internal/inlined_vector.h:519: undefined reference to `_intel_fast_memcpy'
/cvmfs/software.hpc.rwth.de/Linux/RH9/x86_64/intel/sapphirerapids/software/binutils/2.40-GCCcore-12.3.0/bin/ld: /home/zj944629/opt/IRL/lib/libirl.a(elvira.cpp.o): in function `IRL::Plane::Plane(IRL::Normal const&, double)':
/home/zj944629/opt/interface-reconstruction-library/irl/geometry/general/plane.tpp:18: undefined reference to `_intel_fast_memset'
/cvmfs/software.hpc.rwth.de/Linux/RH9/x86_64/intel/sapphirerapids/software/binutils/2.40-GCCcore-12.3.0/bin/ld: /home/zj944629/opt/IRL/lib/libirl.a(elvira.cpp.o): in function `void std::__new_allocator<IRL::Pt>::construct<IRL::Pt>(IRL::Pt*)':
/cvmfs/software.hpc.rwth.de/Linux/RH9/x86_64/intel/sapphirerapids/software/GCCcore/13.3.0/lib/gcc/x86_64-pc-linux-gnu/13.3.0/../../../../include/c++/13.3.0/bits/new_allocator.h:191: undefined reference to `_intel_fast_memset'
/cvmfs/software.hpc.rwth.de/Linux/RH9/x86_64/intel/sapphirerapids/software/binutils/2.40-GCCcore-12.3.0/bin/ld: /cvmfs/software.hpc.rwth.de/Linux/RH9/x86_64/intel/sapphirerapids/software/GCCcore/13.3.0/lib/gcc/x86_64-pc-linux-gnu/13.3.0/../../../../include/c++/13.3.0/bits/new_allocator.h:191: undefined reference to `_intel_fast_memset'
/cvmfs/software.hpc.rwth.de/Linux/RH9/x86_64/intel/sapphirerapids/software/binutils/2.40-GCCcore-12.3.0/bin/ld: /home/zj944629/opt/IRL/lib/libirl.a(elvira.cpp.o): in function `absl::lts_20250512::inlined_vector_internal::Storage<IRL::Plane, 6ul, std::allocator<IRL::Plane> >::InitFrom(absl::lts_20250512::inlined_vector_internal::Storage<IRL::Plane, 6ul, std::allocator<IRL::Plane> > const&)':
/home/zj944629/opt/interface-reconstruction-library/external/abseil-cpp/absl/container/internal/inlined_vector.h:602: undefined reference to `_intel_fast_memcpy'
/cvmfs/software.hpc.rwth.de/Linux/RH9/x86_64/intel/sapphirerapids/software/binutils/2.40-GCCcore-12.3.0/bin/ld: /home/zj944629/opt/IRL/lib/libirl.a(elvira.cpp.o): in function `IRL::HalfEdgeStorage::copyData(char const*, char*, unsigned long)':
/home/zj944629/opt/interface-reconstruction-library/irl/geometry/half_edge_structures/half_edge_polytope.h:139: undefined reference to `_intel_fast_memcpy'
/cvmfs/software.hpc.rwth.de/Linux/RH9/x86_64/intel/sapphirerapids/software/binutils/2.40-GCCcore-12.3.0/bin/ld: /home/zj944629/opt/IRL/lib/libirl.a(elvira.cpp.o): in function `void std::__new_allocator<IRL::Face<IRL::HalfEdge<IRL::Vertex<IRL::Pt> > >*>::construct<IRL::Face<IRL::HalfEdge<IRL::Vertex<IRL::Pt> > >*>(IRL::Face<IRL::HalfEdge<IRL::Vertex<IRL::Pt> > >**)':
/cvmfs/software.hpc.rwth.de/Linux/RH9/x86_64/intel/sapphirerapids/software/GCCcore/13.3.0/lib/gcc/x86_64-pc-linux-gnu/13.3.0/../../../../include/c++/13.3.0/bits/new_allocator.h:191: undefined reference to `_intel_fast_memset'
/cvmfs/software.hpc.rwth.de/Linux/RH9/x86_64/intel/sapphirerapids/software/binutils/2.40-GCCcore-12.3.0/bin/ld: /cvmfs/software.hpc.rwth.de/Linux/RH9/x86_64/intel/sapphirerapids/software/GCCcore/13.3.0/lib/gcc/x86_64-pc-linux-gnu/13.3.0/../../../../include/c++/13.3.0/bits/new_allocator.h:191: undefined reference to `_intel_fast_memset'
/cvmfs/software.hpc.rwth.de/Linux/RH9/x86_64/intel/sapphirerapids/software/binutils/2.40-GCCcore-12.3.0/bin/ld: /home/zj944629/opt/IRL/lib/libirl.a(elvira.cpp.o): in function `void std::__new_allocator<IRL::Vertex<IRL::Pt>*>::construct<IRL::Vertex<IRL::Pt>*>(IRL::Vertex<IRL::Pt>**)':
/cvmfs/software.hpc.rwth.de/Linux/RH9/x86_64/intel/sapphirerapids/software/GCCcore/13.3.0/lib/gcc/x86_64-pc-linux-gnu/13.3.0/../../../../include/c++/13.3.0/bits/new_allocator.h:191: undefined reference to `_intel_fast_memset'
/cvmfs/software.hpc.rwth.de/Linux/RH9/x86_64/intel/sapphirerapids/software/binutils/2.40-GCCcore-12.3.0/bin/ld: /cvmfs/software.hpc.rwth.de/Linux/RH9/x86_64/intel/sapphirerapids/software/GCCcore/13.3.0/lib/gcc/x86_64-pc-linux-gnu/13.3.0/../../../../include/c++/13.3.0/bits/new_allocator.h:191: undefined reference to `_intel_fast_memset'
/cvmfs/software.hpc.rwth.de/Linux/RH9/x86_64/intel/sapphirerapids/software/binutils/2.40-GCCcore-12.3.0/bin/ld: /home/zj944629/opt/IRL/lib/libirl.a(elvira.cpp.o): in function `IRL::HalfEdgeStorage::copyData(char const*, char*, unsigned long)':
/home/zj944629/opt/interface-reconstruction-library/irl/geometry/half_edge_structures/half_edge_polytope.h:139: undefined reference to `_intel_fast_memcpy'
/cvmfs/software.hpc.rwth.de/Linux/RH9/x86_64/intel/sapphirerapids/software/binutils/2.40-GCCcore-12.3.0/bin/ld: /home/zj944629/opt/interface-reconstruction-library/irl/geometry/half_edge_structures/half_edge_polytope.h:139: undefined reference to `_intel_fast_memcpy'
/cvmfs/software.hpc.rwth.de/Linux/RH9/x86_64/intel/sapphirerapids/software/binutils/2.40-GCCcore-12.3.0/bin/ld: /home/zj944629/opt/IRL/lib/libirl.a(elvira.cpp.o): in function `void std::__new_allocator<unsigned int>::construct<unsigned int, unsigned int>(unsigned int*, unsigned int&&)':
/cvmfs/software.hpc.rwth.de/Linux/RH9/x86_64/intel/sapphirerapids/software/GCCcore/13.3.0/lib/gcc/x86_64-pc-linux-gnu/13.3.0/../../../../include/c++/13.3.0/bits/new_allocator.h:191: undefined reference to `_intel_fast_memcpy'
/cvmfs/software.hpc.rwth.de/Linux/RH9/x86_64/intel/sapphirerapids/software/binutils/2.40-GCCcore-12.3.0/bin/ld: /home/zj944629/opt/IRL/lib/libirl.a(elvira.cpp.o): in function `void std::__new_allocator<IRL::Vertex<IRL::Pt>*>::construct<IRL::Vertex<IRL::Pt>*>(IRL::Vertex<IRL::Pt>**)':
/cvmfs/software.hpc.rwth.de/Linux/RH9/x86_64/intel/sapphirerapids/software/GCCcore/13.3.0/lib/gcc/x86_64-pc-linux-gnu/13.3.0/../../../../include/c++/13.3.0/bits/new_allocator.h:191: undefined reference to `_intel_fast_memset'
/cvmfs/software.hpc.rwth.de/Linux/RH9/x86_64/intel/sapphirerapids/software/binutils/2.40-GCCcore-12.3.0/bin/ld: /home/zj944629/opt/IRL/lib/libirl.a(elvira.cpp.o): in function `void std::__new_allocator<IRL::Vertex<IRL::Pt>*>::construct<IRL::Vertex<IRL::Pt>*, IRL::Vertex<IRL::Pt>*>(IRL::Vertex<IRL::Pt>**, IRL::Vertex<IRL::Pt>*&&)':
/cvmfs/software.hpc.rwth.de/Linux/RH9/x86_64/intel/sapphirerapids/software/GCCcore/13.3.0/lib/gcc/x86_64-pc-linux-gnu/13.3.0/../../../../include/c++/13.3.0/bits/new_allocator.h:191: undefined reference to `_intel_fast_memcpy'
/cvmfs/software.hpc.rwth.de/Linux/RH9/x86_64/intel/sapphirerapids/software/binutils/2.40-GCCcore-12.3.0/bin/ld: /home/zj944629/opt/IRL/lib/libirl.a(elvira.cpp.o): in function `void std::__new_allocator<IRL::Vertex<IRL::Pt>*>::construct<IRL::Vertex<IRL::Pt>*>(IRL::Vertex<IRL::Pt>**)':
/cvmfs/software.hpc.rwth.de/Linux/RH9/x86_64/intel/sapphirerapids/software/GCCcore/13.3.0/lib/gcc/x86_64-pc-linux-gnu/13.3.0/../../../../include/c++/13.3.0/bits/new_allocator.h:191: undefined reference to `_intel_fast_memset'
/cvmfs/software.hpc.rwth.de/Linux/RH9/x86_64/intel/sapphirerapids/software/binutils/2.40-GCCcore-12.3.0/bin/ld: /home/zj944629/opt/IRL/lib/libirl.a(elvira.cpp.o): in function `void std::__new_allocator<IRL::Face<IRL::HalfEdge<IRL::Vertex<IRL::Pt> > >*>::construct<IRL::Face<IRL::HalfEdge<IRL::Vertex<IRL::Pt> > >*>(IRL::Face<IRL::HalfEdge<IRL::Vertex<IRL::Pt> > >**)':
/cvmfs/software.hpc.rwth.de/Linux/RH9/x86_64/intel/sapphirerapids/software/GCCcore/13.3.0/lib/gcc/x86_64-pc-linux-gnu/13.3.0/../../../../include/c++/13.3.0/bits/new_allocator.h:191: undefined reference to `_intel_fast_memset'
/cvmfs/software.hpc.rwth.de/Linux/RH9/x86_64/intel/sapphirerapids/software/binutils/2.40-GCCcore-12.3.0/bin/ld: /home/zj944629/opt/IRL/lib/libirl.a(elvira.cpp.o): in function `void std::__new_allocator<IRL::Face<IRL::HalfEdge<IRL::Vertex<IRL::Pt> > >*>::construct<IRL::Face<IRL::HalfEdge<IRL::Vertex<IRL::Pt> > >*, IRL::Face<IRL::HalfEdge<IRL::Vertex<IRL::Pt> > >*>(IRL::Face<IRL::HalfEdge<IRL::Vertex<IRL::Pt> > >**, IRL::Face<IRL::HalfEdge<IRL::Vertex<IRL::Pt> > >*&&)':
/cvmfs/software.hpc.rwth.de/Linux/RH9/x86_64/intel/sapphirerapids/software/GCCcore/13.3.0/lib/gcc/x86_64-pc-linux-gnu/13.3.0/../../../../include/c++/13.3.0/bits/new_allocator.h:191: undefined reference to `_intel_fast_memcpy'
/cvmfs/software.hpc.rwth.de/Linux/RH9/x86_64/intel/sapphirerapids/software/binutils/2.40-GCCcore-12.3.0/bin/ld: /home/zj944629/opt/IRL/lib/libirl.a(elvira.cpp.o): in function `void std::__new_allocator<IRL::Face<IRL::HalfEdge<IRL::Vertex<IRL::Pt> > >*>::construct<IRL::Face<IRL::HalfEdge<IRL::Vertex<IRL::Pt> > >*>(IRL::Face<IRL::HalfEdge<IRL::Vertex<IRL::Pt> > >**)':
/cvmfs/software.hpc.rwth.de/Linux/RH9/x86_64/intel/sapphirerapids/software/GCCcore/13.3.0/lib/gcc/x86_64-pc-linux-gnu/13.3.0/../../../../include/c++/13.3.0/bits/new_allocator.h:191: undefined reference to `_intel_fast_memset'
/cvmfs/software.hpc.rwth.de/Linux/RH9/x86_64/intel/sapphirerapids/software/binutils/2.40-GCCcore-12.3.0/bin/ld: /home/zj944629/opt/IRL/lib/libirl.a(elvira.cpp.o): in function `void std::__new_allocator<char*>::construct<char*, char*>(char**, char*&&)':
/cvmfs/software.hpc.rwth.de/Linux/RH9/x86_64/intel/sapphirerapids/software/GCCcore/13.3.0/lib/gcc/x86_64-pc-linux-gnu/13.3.0/../../../../include/c++/13.3.0/bits/new_allocator.h:191: undefined reference to `_intel_fast_memcpy'
/cvmfs/software.hpc.rwth.de/Linux/RH9/x86_64/intel/sapphirerapids/software/binutils/2.40-GCCcore-12.3.0/bin/ld: /home/zj944629/opt/IRL/lib/libirl.a(elvira.cpp.o): in function `void std::__new_allocator<unsigned long>::construct<unsigned long, unsigned long>(unsigned long*, unsigned long&&)':
/cvmfs/software.hpc.rwth.de/Linux/RH9/x86_64/intel/sapphirerapids/software/GCCcore/13.3.0/lib/gcc/x86_64-pc-linux-gnu/13.3.0/../../../../include/c++/13.3.0/bits/new_allocator.h:191: undefined reference to `_intel_fast_memcpy'
/cvmfs/software.hpc.rwth.de/Linux/RH9/x86_64/intel/sapphirerapids/software/binutils/2.40-GCCcore-12.3.0/bin/ld: /home/zj944629/opt/IRL/lib/libirl.a(elvira.cpp.o): in function `void std::__new_allocator<IRL::Vertex<IRL::Pt>*>::construct<IRL::Vertex<IRL::Pt>*, IRL::Vertex<IRL::Pt>*>(IRL::Vertex<IRL::Pt>**, IRL::Vertex<IRL::Pt>*&&)':
/cvmfs/software.hpc.rwth.de/Linux/RH9/x86_64/intel/sapphirerapids/software/GCCcore/13.3.0/lib/gcc/x86_64-pc-linux-gnu/13.3.0/../../../../include/c++/13.3.0/bits/new_allocator.h:191: undefined reference to `_intel_fast_memcpy'
/cvmfs/software.hpc.rwth.de/Linux/RH9/x86_64/intel/sapphirerapids/software/binutils/2.40-GCCcore-12.3.0/bin/ld: /home/zj944629/opt/IRL/lib/libirl.a(elvira.cpp.o): in function `void std::__new_allocator<IRL::Face<IRL::HalfEdge<IRL::Vertex<IRL::Pt> > >*>::construct<IRL::Face<IRL::HalfEdge<IRL::Vertex<IRL::Pt> > >*, IRL::Face<IRL::HalfEdge<IRL::Vertex<IRL::Pt> > >*>(IRL::Face<IRL::HalfEdge<IRL::Vertex<IRL::Pt> > >**, IRL::Face<IRL::HalfEdge<IRL::Vertex<IRL::Pt> > >*&&)':
/cvmfs/software.hpc.rwth.de/Linux/RH9/x86_64/intel/sapphirerapids/software/GCCcore/13.3.0/lib/gcc/x86_64-pc-linux-gnu/13.3.0/../../../../include/c++/13.3.0/bits/new_allocator.h:191: undefined reference to `_intel_fast_memcpy'
/cvmfs/software.hpc.rwth.de/Linux/RH9/x86_64/intel/sapphirerapids/software/binutils/2.40-GCCcore-12.3.0/bin/ld: /home/zj944629/opt/IRL/lib/libirl.a(elvira.cpp.o): in function `void std::__new_allocator<IRL::Pt>::construct<IRL::Pt>(IRL::Pt*)':
/cvmfs/software.hpc.rwth.de/Linux/RH9/x86_64/intel/sapphirerapids/software/GCCcore/13.3.0/lib/gcc/x86_64-pc-linux-gnu/13.3.0/../../../../include/c++/13.3.0/bits/new_allocator.h:191: undefined reference to `_intel_fast_memset'
/cvmfs/software.hpc.rwth.de/Linux/RH9/x86_64/intel/sapphirerapids/software/binutils/2.40-GCCcore-12.3.0/bin/ld: /home/zj944629/opt/IRL/lib/libirl.a(elvira.cpp.o): in function `void std::__new_allocator<IRL::Pt>::construct<IRL::Pt, IRL::Pt>(IRL::Pt*, IRL::Pt&&)':
/cvmfs/software.hpc.rwth.de/Linux/RH9/x86_64/intel/sapphirerapids/software/GCCcore/13.3.0/lib/gcc/x86_64-pc-linux-gnu/13.3.0/../../../../include/c++/13.3.0/bits/new_allocator.h:191: undefined reference to `_intel_fast_memcpy'
/cvmfs/software.hpc.rwth.de/Linux/RH9/x86_64/intel/sapphirerapids/software/binutils/2.40-GCCcore-12.3.0/bin/ld: /home/zj944629/opt/IRL/lib/libirl.a(elvira.cpp.o): in function `void std::__new_allocator<IRL::Pt>::construct<IRL::Pt>(IRL::Pt*)':
/cvmfs/software.hpc.rwth.de/Linux/RH9/x86_64/intel/sapphirerapids/software/GCCcore/13.3.0/lib/gcc/x86_64-pc-linux-gnu/13.3.0/../../../../include/c++/13.3.0/bits/new_allocator.h:191: undefined reference to `_intel_fast_memset'
/cvmfs/software.hpc.rwth.de/Linux/RH9/x86_64/intel/sapphirerapids/software/binutils/2.40-GCCcore-12.3.0/bin/ld: /home/zj944629/opt/IRL/lib/libirl.a(elvira.cpp.o): in function `void std::__new_allocator<IRL::Pt>::construct<IRL::Pt, IRL::Pt>(IRL::Pt*, IRL::Pt&&)':
/cvmfs/software.hpc.rwth.de/Linux/RH9/x86_64/intel/sapphirerapids/software/GCCcore/13.3.0/lib/gcc/x86_64-pc-linux-gnu/13.3.0/../../../../include/c++/13.3.0/bits/new_allocator.h:191: undefined reference to `_intel_fast_memcpy'
/cvmfs/software.hpc.rwth.de/Linux/RH9/x86_64/intel/sapphirerapids/software/binutils/2.40-GCCcore-12.3.0/bin/ld: /home/zj944629/opt/IRL/lib/libirl.a(plane_distance.cpp.o): in function `IRL::plane_distance_details::getAlphaRectangularCuboid(std::array<double, 3ul> const&, double)':
/home/zj944629/opt/interface-reconstruction-library/irl/interface_reconstruction_methods/plane_distance.cpp:47: undefined reference to `__libm_sse2_sincos'
/cvmfs/software.hpc.rwth.de/Linux/RH9/x86_64/intel/sapphirerapids/software/binutils/2.40-GCCcore-12.3.0/bin/ld: /home/zj944629/opt/interface-reconstruction-library/irl/interface_reconstruction_methods/plane_distance.cpp:63: undefined reference to `__libm_sse2_sincos'
/cvmfs/software.hpc.rwth.de/Linux/RH9/x86_64/intel/sapphirerapids/software/binutils/2.40-GCCcore-12.3.0/bin/ld: /home/zj944629/opt/IRL/lib/libirl.a(plane_distance.cpp.o): in function `double IRL::plane_distance_details::calculateRegimeDistance<1u>(IRL::StoredTet<IRL::Pt> const&, double, IRL::Normal const&, double, std::array<double, 4ul> const&)':
/home/zj944629/opt/interface-reconstruction-library/irl/interface_reconstruction_methods/plane_distance.cpp:172: undefined reference to `__libm_sse2_sincos'
clang++: error: linker command failed with exit code 1 (use -v to see invocation)
make: *** [Makefile:34: TwoPhaseSolver] Error 1
